# JRE version: OpenJDK Runtime Environment (8.0_76-b03) (build 1.8.0_76-release-b03)
# Java VM: OpenJDK 64-Bit Server VM (25.76-b03 mixed mode windows-amd64 compressed oops)
Heap:
 PSYoungGen      total 200704K, used 127598K [0x00000000e0000000, 0x00000000ef480000, 0x0000000100000000)
  eden space 177664K, 58% used [0x00000000e0000000,0x00000000e661c628,0x00000000ead80000)
  from space 23040K, 99% used [0x00000000ead80000,0x00000000ec3ff498,0x00000000ec400000)
  to   space 30720K, 0% used [0x00000000ed680000,0x00000000ed680000,0x00000000ef480000)
 ParOldGen       total 74752K, used 65398K [0x00000000a0000000, 0x00000000a4900000, 0x00000000e0000000)
  object space 74752K, 87% used [0x00000000a0000000,0x00000000a3fdda90,0x00000000a4900000)
 Metaspace       used 60803K, capacity 63740K, committed 64000K, reserved 1103872K
  class space    used 8066K, capacity 8699K, committed 8704K, reserved 1048576K
GC Heap History (10 events):
Event: 707.360 GC heap before
{Heap before GC invocations=29 (full 4):
 PSYoungGen      total 185856K, used 166656K [0x00000000e0000000, 0x00000000ed600000, 0x0000000100000000)
  eden space 162304K, 100% used [0x00000000e0000000,0x00000000e9e80000,0x00000000e9e80000)
  from space 23552K, 18% used [0x00000000eb580000,0x00000000eb9c0000,0x00000000ecc80000)
  to   space 23552K, 0% used [0x00000000e9e80000,0x00000000e9e80000,0x00000000eb580000)
 ParOldGen       total 74752K, used 54548K [0x00000000a0000000, 0x00000000a4900000, 0x00000000e0000000)
  object space 74752K, 72% used [0x00000000a0000000,0x00000000a35452c0,0x00000000a4900000)
 Metaspace       used 58564K, capacity 61268K, committed 61568K, reserved 1101824K
  class space    used 7866K, capacity 8449K, committed 8576K, reserved 1048576K
Event: 707.399 GC heap after
Heap after GC invocations=29 (full 4):
 PSYoungGen      total 185856K, used 14481K [0x00000000e0000000, 0x00000000ed800000, 0x0000000100000000)
  eden space 162304K, 0% used [0x00000000e0000000,0x00000000e0000000,0x00000000e9e80000)
  from space 23552K, 61% used [0x00000000e9e80000,0x00000000eaca4508,0x00000000eb580000)
  to   space 23552K, 0% used [0x00000000ec100000,0x00000000ec100000,0x00000000ed800000)
 ParOldGen       total 74752K, used 54556K [0x00000000a0000000, 0x00000000a4900000, 0x00000000e0000000)
  object space 74752K, 72% used [0x00000000a0000000,0x00000000a35472c0,0x00000000a4900000)
 Metaspace       used 58564K, capacity 61268K, committed 61568K, reserved 1101824K
  class space    used 7866K, capacity 8449K, committed 8576K, reserved 1048576K
}
Event: 939.505 GC heap before
{Heap before GC invocations=30 (full 4):
 PSYoungGen      total 185856K, used 176785K [0x00000000e0000000, 0x00000000ed800000, 0x0000000100000000)
  eden space 162304K, 100% used [0x00000000e0000000,0x00000000e9e80000,0x00000000e9e80000)
  from space 23552K, 61% used [0x00000000e9e80000,0x00000000eaca4508,0x00000000eb580000)
  to   space 23552K, 0% used [0x00000000ec100000,0x00000000ec100000,0x00000000ed800000)
 ParOldGen       total 74752K, used 54556K [0x00000000a0000000, 0x00000000a4900000, 0x00000000e0000000)
  object space 74752K, 72% used [0x00000000a0000000,0x00000000a35472c0,0x00000000a4900000)
 Metaspace       used 59226K, capacity 62082K, committed 62336K, reserved 1103872K
  class space    used 7926K, capacity 8536K, committed 8576K, reserved 1048576K
Event: 939.519 GC heap after
Heap after GC invocations=30 (full 4):
 PSYoungGen      total 191488K, used 6546K [0x00000000e0000000, 0x00000000ed480000, 0x0000000100000000)
  eden space 171520K, 0% used [0x00000000e0000000,0x00000000e0000000,0x00000000ea780000)
  from space 19968K, 32% used [0x00000000ec100000,0x00000000ec764b80,0x00000000ed480000)
  to   space 23040K, 0% used [0x00000000ea780000,0x00000000ea780000,0x00000000ebe00000)
 ParOldGen       total 74752K, used 54564K [0x00000000a0000000, 0x00000000a4900000, 0x00000000e0000000)
  object space 74752K, 72% used [0x00000000a0000000,0x00000000a35492c0,0x00000000a4900000)
 Metaspace       used 59226K, capacity 62082K, committed 62336K, reserved 1103872K
  class space    used 7926K, capacity 8536K, committed 8576K, reserved 1048576K
}
Event: 942.304 GC heap before
{Heap before GC invocations=31 (full 4):
 PSYoungGen      total 191488K, used 178066K [0x00000000e0000000, 0x00000000ed480000, 0x0000000100000000)
  eden space 171520K, 100% used [0x00000000e0000000,0x00000000ea780000,0x00000000ea780000)
  from space 19968K, 32% used [0x00000000ec100000,0x00000000ec764b80,0x00000000ed480000)
  to   space 23040K, 0% used [0x00000000ea780000,0x00000000ea780000,0x00000000ebe00000)
 ParOldGen       total 74752K, used 54564K [0x00000000a0000000, 0x00000000a4900000, 0x00000000e0000000)
  object space 74752K, 72% used [0x00000000a0000000,0x00000000a35492c0,0x00000000a4900000)
 Metaspace       used 59274K, capacity 62194K, committed 62336K, reserved 1103872K
  class space    used 7930K, capacity 8544K, committed 8576K, reserved 1048576K
Event: 942.320 GC heap after
Heap after GC invocations=31 (full 4):
 PSYoungGen      total 194560K, used 9216K [0x00000000e0000000, 0x00000000eda00000, 0x0000000100000000)
  eden space 171520K, 0% used [0x00000000e0000000,0x00000000e0000000,0x00000000ea780000)
  from space 23040K, 40% used [0x00000000ea780000,0x00000000eb080020,0x00000000ebe00000)
  to   space 22016K, 0% used [0x00000000ec480000,0x00000000ec480000,0x00000000eda00000)
 ParOldGen       total 74752K, used 54572K [0x00000000a0000000, 0x00000000a4900000, 0x00000000e0000000)
  object space 74752K, 73% used [0x00000000a0000000,0x00000000a354b2c0,0x00000000a4900000)
 Metaspace       used 59274K, capacity 62194K, committed 62336K, reserved 1103872K
  class space    used 7930K, capacity 8544K, committed 8576K, reserved 1048576K
}
Event: 973.565 GC heap before
{Heap before GC invocations=32 (full 4):
 PSYoungGen      total 194560K, used 180736K [0x00000000e0000000, 0x00000000eda00000, 0x0000000100000000)
  eden space 171520K, 100% used [0x00000000e0000000,0x00000000ea780000,0x00000000ea780000)
  from space 23040K, 40% used [0x00000000ea780000,0x00000000eb080020,0x00000000ebe00000)
  to   space 22016K, 0% used [0x00000000ec480000,0x00000000ec480000,0x00000000eda00000)
 ParOldGen       total 74752K, used 54572K [0x00000000a0000000, 0x00000000a4900000, 0x00000000e0000000)
  object space 74752K, 73% used [0x00000000a0000000,0x00000000a354b2c0,0x00000000a4900000)
 Metaspace       used 60196K, capacity 63082K, committed 63232K, reserved 1103872K
  class space    used 8041K, capacity 8660K, committed 8704K, reserved 1048576K
Event: 973.591 GC heap after
Heap after GC invocations=32 (full 4):
 PSYoungGen      total 199680K, used 16722K [0x00000000e0000000, 0x00000000eda80000, 0x0000000100000000)
  eden space 177664K, 0% used [0x00000000e0000000,0x00000000e0000000,0x00000000ead80000)
  from space 22016K, 75% used [0x00000000ec480000,0x00000000ed4d4850,0x00000000eda00000)
  to   space 23040K, 0% used [0x00000000ead80000,0x00000000ead80000,0x00000000ec400000)
 ParOldGen       total 74752K, used 54580K [0x00000000a0000000, 0x00000000a4900000, 0x00000000e0000000)
  object space 74752K, 73% used [0x00000000a0000000,0x00000000a354d2c0,0x00000000a4900000)
 Metaspace       used 60196K, capacity 63082K, committed 63232K, reserved 1103872K
  class space    used 8041K, capacity 8660K, committed 8704K, reserved 1048576K
}
Event: 976.026 GC heap before
{Heap before GC invocations=33 (full 4):
 PSYoungGen      total 199680K, used 194386K [0x00000000e0000000, 0x00000000eda80000, 0x0000000100000000)
  eden space 177664K, 100% used [0x00000000e0000000,0x00000000ead80000,0x00000000ead80000)
  from space 22016K, 75% used [0x00000000ec480000,0x00000000ed4d4850,0x00000000eda00000)
  to   space 23040K, 0% used [0x00000000ead80000,0x00000000ead80000,0x00000000ec400000)
 ParOldGen       total 74752K, used 54580K [0x00000000a0000000, 0x00000000a4900000, 0x00000000e0000000)
  object space 74752K, 73% used [0x00000000a0000000,0x00000000a354d2c0,0x00000000a4900000)
 Metaspace       used 60541K, capacity 63502K, committed 63744K, reserved 1103872K
  class space    used 8053K, capacity 8666K, committed 8704K, reserved 1048576K
Event: 976.076 GC heap after
Heap after GC invocations=33 (full 4):
 PSYoungGen      total 200704K, used 23037K [0x00000000e0000000, 0x00000000ef480000, 0x0000000100000000)
  eden space 177664K, 0% used [0x00000000e0000000,0x00000000e0000000,0x00000000ead80000)
  from space 23040K, 99% used [0x00000000ead80000,0x00000000ec3ff498,0x00000000ec400000)
  to   space 30720K, 0% used [0x00000000ed680000,0x00000000ed680000,0x00000000ef480000)
 ParOldGen       total 74752K, used 65398K [0x00000000a0000000, 0x00000000a4900000, 0x00000000e0000000)
  object space 74752K, 87% used [0x00000000a0000000,0x00000000a3fdda90,0x00000000a4900000)
 Metaspace       used 60541K, capacity 63502K, committed 63744K, reserved 1103872K
  class space    used 8053K, capacity 8666K, committed 8704K, reserved 1048576K
}

